
/home/runner/work/exp-retaining-walls-iiith/exp-retaining-walls-iiith/experiment/simulation/vlab2/script.js
   3:30   warning  'i' is already defined                      no-redeclare
   4:55   warning  'ret' is assigned a value but never used    no-unused-vars
  23:39   warning  'i' is already defined                      no-redeclare
  29:328  warning  'jnlp' is defined but never used            no-unused-vars
  29:392  warning  'minimumVersion' is defined but never used  no-unused-vars
  36:241  warning  Empty block statement                       no-empty
  40:75   warning  'i' is already defined                      no-redeclare
  41:27   warning  'i' is already defined                      no-redeclare
  45:128  warning  'ActiveXObject' is not defined              no-undef
  47:16   warning  'ActiveXObject' is not defined              no-undef
  47:199  warning  'oClientCaps' is not defined                no-undef
  49:47   warning  's' is not defined                          no-undef
  49:83   warning  's' is not defined                          no-undef
  51:91   warning  's' is not defined                          no-undef
  51:129  warning  's' is not defined                          no-undef
  51:249  warning  's' is not defined                          no-undef
  57:100  warning  'name' is defined but never used            no-unused-vars
  57:105  warning  'result' is defined but never used          no-unused-vars
  62:9    warning  'i' is already defined                      no-redeclare
  64:508  warning  Unnecessary semicolon                       no-extra-semi
  67:21   warning  'i' is already defined                      no-redeclare
  68:201  warning  Empty block statement                       no-empty
  69:58   warning  Empty block statement                       no-empty
  70:52   warning  Empty block statement                       no-empty

✖ 24 problems (0 errors, 24 warnings)
  0 errors and 1 warning potentially fixable with the `--fix` option.

